{"/Users/charlie/Downloads/emoji-math-whiz/services/audioService.ts": {"path":"/Users/charlie/Downloads/emoji-math-whiz/services/audioService.ts","statementMap":{"0":{"start":{"line":3,"column":17},"end":{"line":3,"column":82}},"1":{"start":{"line":5,"column":17},"end":{"line":23,"column":1}},"2":{"start":{"line":6,"column":2},"end":{"line":8,"column":3}},"3":{"start":{"line":7,"column":4},"end":{"line":7,"column":22}},"4":{"start":{"line":9,"column":14},"end":{"line":9,"column":41}},"5":{"start":{"line":10,"column":15},"end":{"line":10,"column":36}},"6":{"start":{"line":12,"column":2},"end":{"line":12,"column":18}},"7":{"start":{"line":13,"column":2},"end":{"line":13,"column":67}},"8":{"start":{"line":15,"column":2},"end":{"line":15,"column":62}},"9":{"start":{"line":16,"column":2},"end":{"line":16,"column":91}},"10":{"start":{"line":18,"column":2},"end":{"line":18,"column":20}},"11":{"start":{"line":19,"column":2},"end":{"line":19,"column":37}},"12":{"start":{"line":21,"column":2},"end":{"line":21,"column":42}},"13":{"start":{"line":22,"column":2},"end":{"line":22,"column":52}},"14":{"start":{"line":25,"column":25},"end":{"line":53,"column":1}},"15":{"start":{"line":26,"column":2},"end":{"line":52,"column":3}},"16":{"start":{"line":27,"column":4},"end":{"line":49,"column":5}},"17":{"start":{"line":30,"column":8},"end":{"line":30,"column":41}},"18":{"start":{"line":31,"column":8},"end":{"line":31,"column":43}},"19":{"start":{"line":32,"column":8},"end":{"line":32,"column":43}},"20":{"start":{"line":33,"column":8},"end":{"line":33,"column":14}},"21":{"start":{"line":36,"column":8},"end":{"line":36,"column":42}},"22":{"start":{"line":37,"column":8},"end":{"line":37,"column":44}},"23":{"start":{"line":38,"column":8},"end":{"line":38,"column":14}},"24":{"start":{"line":41,"column":8},"end":{"line":41,"column":39}},"25":{"start":{"line":42,"column":8},"end":{"line":42,"column":14}},"26":{"start":{"line":45,"column":8},"end":{"line":45,"column":42}},"27":{"start":{"line":46,"column":8},"end":{"line":46,"column":45}},"28":{"start":{"line":47,"column":8},"end":{"line":47,"column":44}},"29":{"start":{"line":48,"column":8},"end":{"line":48,"column":14}},"30":{"start":{"line":51,"column":4},"end":{"line":51,"column":42}},"31":{"start":{"line":25,"column":13},"end":{"line":25,"column":25}}},"fnMap":{"0":{"name":"(anonymous_0)","decl":{"start":{"line":5,"column":17},"end":{"line":5,"column":18}},"loc":{"start":{"line":5,"column":93},"end":{"line":23,"column":1}}},"1":{"name":"(anonymous_1)","decl":{"start":{"line":25,"column":25},"end":{"line":25,"column":26}},"loc":{"start":{"line":25,"column":74},"end":{"line":53,"column":1}}}},"branchMap":{"0":{"loc":{"start":{"line":3,"column":22},"end":{"line":3,"column":79}},"type":"binary-expr","locations":[{"start":{"line":3,"column":22},"end":{"line":3,"column":41}},{"start":{"line":3,"column":46},"end":{"line":3,"column":79}}]},"1":{"loc":{"start":{"line":5,"column":72},"end":{"line":5,"column":89}},"type":"default-arg","locations":[{"start":{"line":5,"column":88},"end":{"line":5,"column":89}}]},"2":{"loc":{"start":{"line":6,"column":2},"end":{"line":8,"column":3}},"type":"if","locations":[{"start":{"line":6,"column":2},"end":{"line":8,"column":3}}]},"3":{"loc":{"start":{"line":27,"column":4},"end":{"line":49,"column":5}},"type":"switch","locations":[{"start":{"line":28,"column":6},"end":{"line":33,"column":14}},{"start":{"line":34,"column":6},"end":{"line":38,"column":14}},{"start":{"line":39,"column":6},"end":{"line":42,"column":14}},{"start":{"line":43,"column":6},"end":{"line":48,"column":14}}]}},"s":{"0":1,"1":1,"2":12,"3":0,"4":12,"5":12,"6":12,"7":12,"8":12,"9":12,"10":12,"11":12,"12":12,"13":12,"14":1,"15":6,"16":6,"17":2,"18":2,"19":2,"20":2,"21":1,"22":1,"23":1,"24":1,"25":1,"26":1,"27":1,"28":1,"29":1,"30":0,"31":1},"f":{"0":12,"1":6},"b":{"0":[1,0],"1":[0],"2":[0],"3":[2,1,1,1]}}
,"/Users/charlie/Downloads/emoji-math-whiz/services/geminiService.ts": {"path":"/Users/charlie/Downloads/emoji-math-whiz/services/geminiService.ts","statementMap":{"0":{"start":{"line":2,"column":0},"end":{"line":2,"column":50}},"1":{"start":{"line":3,"column":0},"end":{"line":3,"column":86}},"2":{"start":{"line":5,"column":18},"end":{"line":11,"column":1}},"3":{"start":{"line":6,"column":17},"end":{"line":6,"column":36}},"4":{"start":{"line":7,"column":2},"end":{"line":9,"column":3}},"5":{"start":{"line":8,"column":4},"end":{"line":8,"column":66}},"6":{"start":{"line":10,"column":2},"end":{"line":10,"column":37}},"7":{"start":{"line":14,"column":27},"end":{"line":76,"column":1}},"8":{"start":{"line":15,"column":2},"end":{"line":75,"column":3}},"9":{"start":{"line":16,"column":19},"end":{"line":16,"column":30}},"10":{"start":{"line":19,"column":58},"end":{"line":29,"column":6}},"11":{"start":{"line":31,"column":19},"end":{"line":52,"column":6}},"12":{"start":{"line":54,"column":21},"end":{"line":57,"column":6}},"13":{"start":{"line":59,"column":4},"end":{"line":59,"column":93}},"14":{"start":{"line":61,"column":4},"end":{"line":61,"column":49}},"15":{"start":{"line":63,"column":55},"end":{"line":73,"column":6}},"16":{"start":{"line":74,"column":4},"end":{"line":74,"column":84}},"17":{"start":{"line":14,"column":13},"end":{"line":14,"column":27}},"18":{"start":{"line":79,"column":33},"end":{"line":236,"column":1}},"19":{"start":{"line":83,"column":2},"end":{"line":235,"column":3}},"20":{"start":{"line":84,"column":19},"end":{"line":84,"column":30}},"21":{"start":{"line":86,"column":23},"end":{"line":86,"column":42}},"22":{"start":{"line":87,"column":25},"end":{"line":87,"column":55}},"23":{"start":{"line":88,"column":28},"end":{"line":88,"column":56}},"24":{"start":{"line":91,"column":24},"end":{"line":91,"column":104}},"25":{"start":{"line":92,"column":26},"end":{"line":92,"column":28}},"26":{"start":{"line":93,"column":4},"end":{"line":96,"column":5}},"27":{"start":{"line":94,"column":6},"end":{"line":94,"column":46}},"28":{"start":{"line":95,"column":6},"end":{"line":95,"column":137}},"29":{"start":{"line":97,"column":22},"end":{"line":97,"column":46}},"30":{"start":{"line":100,"column":34},"end":{"line":116,"column":6}},"31":{"start":{"line":118,"column":22},"end":{"line":118,"column":55}},"32":{"start":{"line":121,"column":21},"end":{"line":121,"column":46}},"33":{"start":{"line":122,"column":23},"end":{"line":128,"column":28}},"34":{"start":{"line":125,"column":18},"end":{"line":125,"column":60}},"35":{"start":{"line":126,"column":8},"end":{"line":126,"column":91}},"36":{"start":{"line":128,"column":23},"end":{"line":128,"column":27}},"37":{"start":{"line":130,"column":20},"end":{"line":130,"column":22}},"38":{"start":{"line":131,"column":23},"end":{"line":131,"column":25}},"39":{"start":{"line":133,"column":4},"end":{"line":140,"column":5}},"40":{"start":{"line":134,"column":20},"end":{"line":134,"column":77}},"41":{"start":{"line":135,"column":6},"end":{"line":135,"column":97}},"42":{"start":{"line":136,"column":6},"end":{"line":136,"column":44}},"43":{"start":{"line":137,"column":11},"end":{"line":140,"column":5}},"44":{"start":{"line":138,"column":6},"end":{"line":138,"column":61}},"45":{"start":{"line":139,"column":6},"end":{"line":139,"column":38}},"46":{"start":{"line":142,"column":30},"end":{"line":182,"column":6}},"47":{"start":{"line":184,"column":21},"end":{"line":205,"column":6}},"48":{"start":{"line":207,"column":15},"end":{"line":207,"column":28}},"49":{"start":{"line":208,"column":4},"end":{"line":208,"column":54}},"50":{"start":{"line":208,"column":15},"end":{"line":208,"column":54}},"51":{"start":{"line":211,"column":27},"end":{"line":211,"column":44}},"52":{"start":{"line":212,"column":25},"end":{"line":212,"column":46}},"53":{"start":{"line":214,"column":4},"end":{"line":216,"column":5}},"54":{"start":{"line":215,"column":8},"end":{"line":215,"column":64}},"55":{"start":{"line":218,"column":17},"end":{"line":218,"column":33}},"56":{"start":{"line":220,"column":4},"end":{"line":230,"column":6}},"57":{"start":{"line":233,"column":4},"end":{"line":233,"column":73}},"58":{"start":{"line":234,"column":4},"end":{"line":234,"column":53}},"59":{"start":{"line":79,"column":13},"end":{"line":79,"column":33}},"60":{"start":{"line":239,"column":29},"end":{"line":270,"column":1}},"61":{"start":{"line":240,"column":14},"end":{"line":240,"column":15}},"62":{"start":{"line":240,"column":23},"end":{"line":240,"column":25}},"63":{"start":{"line":241,"column":16},"end":{"line":241,"column":49}},"64":{"start":{"line":242,"column":4},"end":{"line":243,"column":95}},"65":{"start":{"line":242,"column":35},"end":{"line":242,"column":44}},"66":{"start":{"line":242,"column":45},"end":{"line":242,"column":73}},"67":{"start":{"line":243,"column":9},"end":{"line":243,"column":95}},"68":{"start":{"line":243,"column":38},"end":{"line":243,"column":47}},"69":{"start":{"line":243,"column":48},"end":{"line":243,"column":93}},"70":{"start":{"line":245,"column":15},"end":{"line":245,"column":58}},"71":{"start":{"line":246,"column":13},"end":{"line":246,"column":62}},"72":{"start":{"line":247,"column":13},"end":{"line":247,"column":62}},"73":{"start":{"line":249,"column":4},"end":{"line":249,"column":65}},"74":{"start":{"line":249,"column":45},"end":{"line":249,"column":65}},"75":{"start":{"line":250,"column":4},"end":{"line":250,"column":79}},"76":{"start":{"line":250,"column":32},"end":{"line":250,"column":79}},"77":{"start":{"line":252,"column":14},"end":{"line":252,"column":15}},"78":{"start":{"line":253,"column":4},"end":{"line":258,"column":5}},"79":{"start":{"line":254,"column":25},"end":{"line":254,"column":39}},"80":{"start":{"line":254,"column":40},"end":{"line":254,"column":46}},"81":{"start":{"line":255,"column":30},"end":{"line":255,"column":44}},"82":{"start":{"line":255,"column":45},"end":{"line":255,"column":51}},"83":{"start":{"line":256,"column":30},"end":{"line":256,"column":44}},"84":{"start":{"line":256,"column":45},"end":{"line":256,"column":51}},"85":{"start":{"line":257,"column":28},"end":{"line":257,"column":42}},"86":{"start":{"line":257,"column":43},"end":{"line":257,"column":49}},"87":{"start":{"line":260,"column":4},"end":{"line":269,"column":6}}},"fnMap":{"0":{"name":"(anonymous_0)","decl":{"start":{"line":5,"column":18},"end":{"line":5,"column":21}},"loc":{"start":{"line":5,"column":23},"end":{"line":11,"column":1}}},"1":{"name":"(anonymous_1)","decl":{"start":{"line":14,"column":27},"end":{"line":14,"column":32}},"loc":{"start":{"line":14,"column":75},"end":{"line":76,"column":1}}},"2":{"name":"(anonymous_2)","decl":{"start":{"line":79,"column":33},"end":{"line":79,"column":38}},"loc":{"start":{"line":82,"column":26},"end":{"line":236,"column":1}}},"3":{"name":"(anonymous_3)","decl":{"start":{"line":123,"column":14},"end":{"line":123,"column":15}},"loc":{"start":{"line":123,"column":32},"end":{"line":127,"column":7}}},"4":{"name":"(anonymous_4)","decl":{"start":{"line":128,"column":11},"end":{"line":128,"column":12}},"loc":{"start":{"line":128,"column":23},"end":{"line":128,"column":27}}},"5":{"name":"(anonymous_5)","decl":{"start":{"line":239,"column":29},"end":{"line":239,"column":30}},"loc":{"start":{"line":239,"column":85},"end":{"line":270,"column":1}}}},"branchMap":{"0":{"loc":{"start":{"line":7,"column":2},"end":{"line":9,"column":3}},"type":"if","locations":[{"start":{"line":7,"column":2},"end":{"line":9,"column":3}}]},"1":{"loc":{"start":{"line":59,"column":11},"end":{"line":59,"column":92}},"type":"binary-expr","locations":[{"start":{"line":59,"column":11},"end":{"line":59,"column":24}},{"start":{"line":59,"column":28},"end":{"line":59,"column":92}}]},"2":{"loc":{"start":{"line":74,"column":11},"end":{"line":74,"column":83}},"type":"binary-expr","locations":[{"start":{"line":74,"column":11},"end":{"line":74,"column":38}},{"start":{"line":74,"column":42},"end":{"line":74,"column":83}}]},"3":{"loc":{"start":{"line":87,"column":25},"end":{"line":87,"column":55}},"type":"binary-expr","locations":[{"start":{"line":87,"column":25},"end":{"line":87,"column":49}},{"start":{"line":87,"column":53},"end":{"line":87,"column":55}}]},"4":{"loc":{"start":{"line":93,"column":4},"end":{"line":96,"column":5}},"type":"if","locations":[{"start":{"line":93,"column":4},"end":{"line":96,"column":5}}]},"5":{"loc":{"start":{"line":93,"column":8},"end":{"line":93,"column":91}},"type":"binary-expr","locations":[{"start":{"line":93,"column":8},"end":{"line":93,"column":26}},{"start":{"line":93,"column":30},"end":{"line":93,"column":53}},{"start":{"line":93,"column":57},"end":{"line":93,"column":91}}]},"6":{"loc":{"start":{"line":121,"column":21},"end":{"line":121,"column":46}},"type":"binary-expr","locations":[{"start":{"line":121,"column":21},"end":{"line":121,"column":40}},{"start":{"line":121,"column":44},"end":{"line":121,"column":46}}]},"7":{"loc":{"start":{"line":126,"column":15},"end":{"line":126,"column":90}},"type":"binary-expr","locations":[{"start":{"line":126,"column":15},"end":{"line":126,"column":44}},{"start":{"line":126,"column":48},"end":{"line":126,"column":59}},{"start":{"line":126,"column":63},"end":{"line":126,"column":90}}]},"8":{"loc":{"start":{"line":133,"column":4},"end":{"line":140,"column":5}},"type":"if","locations":[{"start":{"line":133,"column":4},"end":{"line":140,"column":5}},{"start":{"line":137,"column":11},"end":{"line":140,"column":5}}]},"9":{"loc":{"start":{"line":137,"column":11},"end":{"line":140,"column":5}},"type":"if","locations":[{"start":{"line":137,"column":11},"end":{"line":140,"column":5}}]},"10":{"loc":{"start":{"line":208,"column":4},"end":{"line":208,"column":54}},"type":"if","locations":[{"start":{"line":208,"column":4},"end":{"line":208,"column":54}}]},"11":{"loc":{"start":{"line":214,"column":4},"end":{"line":216,"column":5}},"type":"if","locations":[{"start":{"line":214,"column":4},"end":{"line":216,"column":5}}]},"12":{"loc":{"start":{"line":214,"column":8},"end":{"line":214,"column":52}},"type":"binary-expr","locations":[{"start":{"line":214,"column":8},"end":{"line":214,"column":29}},{"start":{"line":214,"column":33},"end":{"line":214,"column":52}}]},"13":{"loc":{"start":{"line":228,"column":16},"end":{"line":228,"column":59}},"type":"binary-expr","locations":[{"start":{"line":228,"column":16},"end":{"line":228,"column":41}},{"start":{"line":228,"column":45},"end":{"line":228,"column":59}}]},"14":{"loc":{"start":{"line":242,"column":4},"end":{"line":243,"column":95}},"type":"if","locations":[{"start":{"line":242,"column":4},"end":{"line":243,"column":95}},{"start":{"line":243,"column":9},"end":{"line":243,"column":95}}]},"15":{"loc":{"start":{"line":243,"column":9},"end":{"line":243,"column":95}},"type":"if","locations":[{"start":{"line":243,"column":9},"end":{"line":243,"column":95}}]},"16":{"loc":{"start":{"line":249,"column":4},"end":{"line":249,"column":65}},"type":"if","locations":[{"start":{"line":249,"column":4},"end":{"line":249,"column":65}}]},"17":{"loc":{"start":{"line":249,"column":8},"end":{"line":249,"column":43}},"type":"binary-expr","locations":[{"start":{"line":249,"column":8},"end":{"line":249,"column":32}},{"start":{"line":249,"column":36},"end":{"line":249,"column":43}}]},"18":{"loc":{"start":{"line":250,"column":4},"end":{"line":250,"column":79}},"type":"if","locations":[{"start":{"line":250,"column":4},"end":{"line":250,"column":79}}]},"19":{"loc":{"start":{"line":253,"column":4},"end":{"line":258,"column":5}},"type":"switch","locations":[{"start":{"line":254,"column":6},"end":{"line":254,"column":46}},{"start":{"line":255,"column":6},"end":{"line":255,"column":51}},{"start":{"line":256,"column":6},"end":{"line":256,"column":51}},{"start":{"line":257,"column":6},"end":{"line":257,"column":49}}]}},"s":{"0":0,"1":0,"2":0,"3":0,"4":0,"5":0,"6":0,"7":0,"8":0,"9":0,"10":0,"11":0,"12":0,"13":0,"14":0,"15":0,"16":0,"17":0,"18":0,"19":0,"20":0,"21":0,"22":0,"23":0,"24":0,"25":0,"26":0,"27":0,"28":0,"29":0,"30":0,"31":0,"32":0,"33":0,"34":0,"35":0,"36":0,"37":0,"38":0,"39":0,"40":0,"41":0,"42":0,"43":0,"44":0,"45":0,"46":0,"47":0,"48":0,"49":0,"50":0,"51":0,"52":0,"53":0,"54":0,"55":0,"56":0,"57":0,"58":0,"59":0,"60":0,"61":0,"62":0,"63":0,"64":0,"65":0,"66":0,"67":0,"68":0,"69":0,"70":0,"71":0,"72":0,"73":0,"74":0,"75":0,"76":0,"77":0,"78":0,"79":0,"80":0,"81":0,"82":0,"83":0,"84":0,"85":0,"86":0,"87":0},"f":{"0":0,"1":0,"2":0,"3":0,"4":0,"5":0},"b":{"0":[0],"1":[0,0],"2":[0,0],"3":[0,0],"4":[0],"5":[0,0,0],"6":[0,0],"7":[0,0,0],"8":[0,0],"9":[0],"10":[0],"11":[0],"12":[0,0],"13":[0,0],"14":[0,0],"15":[0],"16":[0],"17":[0,0],"18":[0],"19":[0,0,0,0]}}
}
