TN:
SF:services/audioService.ts
FN:5,(anonymous_0)
FN:25,(anonymous_1)
FNF:2
FNH:2
FNDA:12,(anonymous_0)
FNDA:6,(anonymous_1)
DA:3,1
DA:5,1
DA:6,12
DA:7,0
DA:9,12
DA:10,12
DA:12,12
DA:13,12
DA:15,12
DA:16,12
DA:18,12
DA:19,12
DA:21,12
DA:22,12
DA:25,1
DA:26,6
DA:27,6
DA:30,2
DA:31,2
DA:32,2
DA:33,2
DA:36,1
DA:37,1
DA:38,1
DA:41,1
DA:42,1
DA:45,1
DA:46,1
DA:47,1
DA:48,1
DA:51,0
LF:31
LH:29
BRDA:3,0,0,1
BRDA:3,0,1,0
BRDA:5,1,0,0
BRDA:6,2,0,0
BRDA:27,3,0,2
BRDA:27,3,1,1
BRDA:27,3,2,1
BRDA:27,3,3,1
BRF:8
BRH:5
end_of_record
TN:
SF:services/geminiService.ts
FN:5,(anonymous_0)
FN:14,(anonymous_1)
FN:79,(anonymous_2)
FN:123,(anonymous_3)
FN:128,(anonymous_4)
FN:239,(anonymous_5)
FNF:6
FNH:0
FNDA:0,(anonymous_0)
FNDA:0,(anonymous_1)
FNDA:0,(anonymous_2)
FNDA:0,(anonymous_3)
FNDA:0,(anonymous_4)
FNDA:0,(anonymous_5)
DA:2,0
DA:3,0
DA:5,0
DA:6,0
DA:7,0
DA:8,0
DA:10,0
DA:14,0
DA:15,0
DA:16,0
DA:19,0
DA:31,0
DA:54,0
DA:59,0
DA:61,0
DA:63,0
DA:74,0
DA:79,0
DA:83,0
DA:84,0
DA:86,0
DA:87,0
DA:88,0
DA:91,0
DA:92,0
DA:93,0
DA:94,0
DA:95,0
DA:97,0
DA:100,0
DA:118,0
DA:121,0
DA:122,0
DA:125,0
DA:126,0
DA:128,0
DA:130,0
DA:131,0
DA:133,0
DA:134,0
DA:135,0
DA:136,0
DA:137,0
DA:138,0
DA:139,0
DA:142,0
DA:184,0
DA:207,0
DA:208,0
DA:211,0
DA:212,0
DA:214,0
DA:215,0
DA:218,0
DA:220,0
DA:233,0
DA:234,0
DA:239,0
DA:240,0
DA:241,0
DA:242,0
DA:243,0
DA:245,0
DA:246,0
DA:247,0
DA:249,0
DA:250,0
DA:252,0
DA:253,0
DA:254,0
DA:255,0
DA:256,0
DA:257,0
DA:260,0
LF:74
LH:0
BRDA:7,0,0,0
BRDA:59,1,0,0
BRDA:59,1,1,0
BRDA:74,2,0,0
BRDA:74,2,1,0
BRDA:87,3,0,0
BRDA:87,3,1,0
BRDA:93,4,0,0
BRDA:93,5,0,0
BRDA:93,5,1,0
BRDA:93,5,2,0
BRDA:121,6,0,0
BRDA:121,6,1,0
BRDA:126,7,0,0
BRDA:126,7,1,0
BRDA:126,7,2,0
BRDA:133,8,0,0
BRDA:133,8,1,0
BRDA:137,9,0,0
BRDA:208,10,0,0
BRDA:214,11,0,0
BRDA:214,12,0,0
BRDA:214,12,1,0
BRDA:228,13,0,0
BRDA:228,13,1,0
BRDA:242,14,0,0
BRDA:242,14,1,0
BRDA:243,15,0,0
BRDA:249,16,0,0
BRDA:249,17,0,0
BRDA:249,17,1,0
BRDA:250,18,0,0
BRDA:253,19,0,0
BRDA:253,19,1,0
BRDA:253,19,2,0
BRDA:253,19,3,0
BRF:36
BRH:0
end_of_record
